<?xml version="1.0" encoding="UTF-8"?>
<testng-results ignored="0" total="21" passed="18" failed="3" skipped="0">
  <reporter-output>
  </reporter-output>
  <suite started-at="2023-08-18T15:57:54 EDT" name="Test" finished-at="2023-08-18T16:01:58 EDT" duration-ms="243530">
    <groups>
    </groups>
    <test started-at="2023-08-18T15:57:54 EDT" name="ChromeTest" finished-at="2023-08-18T15:59:12 EDT" duration-ms="78021">
      <class name="TestLayer.LoginTest">
        <test-method is-config="true" signature="initsetup(java.lang.String)[pri:0, instance:TestLayer.LoginTest@26275bef]" started-at="2023-08-18T15:57:54 EDT" name="initsetup" finished-at="2023-08-18T15:58:01 EDT" duration-ms="6466" status="PASS">
          <params>
            <param index="0">
              <value>
                <![CDATA[chrome]]>
              </value>
            </param>
          </params>
          <reporter-output>
          </reporter-output>
        </test-method> <!-- initsetup -->
        <test-method signature="verifyLoginCredentials(java.lang.String,java.lang.String,java.lang.String)[pri:1, instance:TestLayer.LoginTest@26275bef]" started-at="2023-08-18T15:58:01 EDT" name="verifyLoginCredentials" data-provider="Credentials" finished-at="2023-08-18T15:58:07 EDT" duration-ms="6130" status="PASS">
          <params>
            <param index="0">
              <value>
                <![CDATA[Valid]]>
              </value>
            </param>
            <param index="1">
              <value>
                <![CDATA[Bhumishamahida96@gmail.com]]>
              </value>
            </param>
            <param index="2">
              <value>
                <![CDATA[Bhumisha@1234]]>
              </value>
            </param>
          </params>
          <reporter-output>
          </reporter-output>
        </test-method> <!-- verifyLoginCredentials -->
        <test-method is-config="true" signature="quit()[pri:0, instance:TestLayer.LoginTest@26275bef]" started-at="2023-08-18T15:58:07 EDT" name="quit" finished-at="2023-08-18T15:58:07 EDT" duration-ms="197" status="PASS">
          <reporter-output>
          </reporter-output>
        </test-method> <!-- quit -->
        <test-method is-config="true" signature="initsetup(java.lang.String)[pri:0, instance:TestLayer.LoginTest@26275bef]" started-at="2023-08-18T15:58:07 EDT" name="initsetup" finished-at="2023-08-18T15:58:12 EDT" duration-ms="5234" status="PASS">
          <params>
            <param index="0">
              <value>
                <![CDATA[chrome]]>
              </value>
            </param>
          </params>
          <reporter-output>
          </reporter-output>
        </test-method> <!-- initsetup -->
        <test-method signature="verifyLoginCredentials(java.lang.String,java.lang.String,java.lang.String)[pri:1, instance:TestLayer.LoginTest@26275bef]" started-at="2023-08-18T15:58:12 EDT" name="verifyLoginCredentials" data-provider="Credentials" finished-at="2023-08-18T15:58:18 EDT" duration-ms="6171" status="PASS">
          <params>
            <param index="0">
              <value>
                <![CDATA[Invalid_Email]]>
              </value>
            </param>
            <param index="1">
              <value>
                <![CDATA[Bhumisha@gmail.com]]>
              </value>
            </param>
            <param index="2">
              <value>
                <![CDATA[Bhumisha@1234]]>
              </value>
            </param>
          </params>
          <reporter-output>
          </reporter-output>
        </test-method> <!-- verifyLoginCredentials -->
        <test-method is-config="true" signature="quit()[pri:0, instance:TestLayer.LoginTest@26275bef]" started-at="2023-08-18T15:58:18 EDT" name="quit" finished-at="2023-08-18T15:58:19 EDT" duration-ms="149" status="PASS">
          <reporter-output>
          </reporter-output>
        </test-method> <!-- quit -->
        <test-method is-config="true" signature="initsetup(java.lang.String)[pri:0, instance:TestLayer.LoginTest@26275bef]" started-at="2023-08-18T15:58:19 EDT" name="initsetup" finished-at="2023-08-18T15:58:24 EDT" duration-ms="5167" status="PASS">
          <params>
            <param index="0">
              <value>
                <![CDATA[chrome]]>
              </value>
            </param>
          </params>
          <reporter-output>
          </reporter-output>
        </test-method> <!-- initsetup -->
        <test-method signature="verifyLoginCredentials(java.lang.String,java.lang.String,java.lang.String)[pri:1, instance:TestLayer.LoginTest@26275bef]" started-at="2023-08-18T15:58:24 EDT" name="verifyLoginCredentials" data-provider="Credentials" finished-at="2023-08-18T15:58:30 EDT" duration-ms="6149" status="PASS">
          <params>
            <param index="0">
              <value>
                <![CDATA[InValid_PSW]]>
              </value>
            </param>
            <param index="1">
              <value>
                <![CDATA[Bhumishamahida96@gmail.com]]>
              </value>
            </param>
            <param index="2">
              <value>
                <![CDATA[1234]]>
              </value>
            </param>
          </params>
          <reporter-output>
          </reporter-output>
        </test-method> <!-- verifyLoginCredentials -->
        <test-method is-config="true" signature="quit()[pri:0, instance:TestLayer.LoginTest@26275bef]" started-at="2023-08-18T15:58:30 EDT" name="quit" finished-at="2023-08-18T15:58:30 EDT" duration-ms="146" status="PASS">
          <reporter-output>
          </reporter-output>
        </test-method> <!-- quit -->
        <test-method is-config="true" signature="initsetup(java.lang.String)[pri:0, instance:TestLayer.LoginTest@26275bef]" started-at="2023-08-18T15:58:30 EDT" name="initsetup" finished-at="2023-08-18T15:58:35 EDT" duration-ms="5123" status="PASS">
          <params>
            <param index="0">
              <value>
                <![CDATA[chrome]]>
              </value>
            </param>
          </params>
          <reporter-output>
          </reporter-output>
        </test-method> <!-- initsetup -->
        <test-method signature="verifyLoginCredentials(java.lang.String,java.lang.String,java.lang.String)[pri:1, instance:TestLayer.LoginTest@26275bef]" started-at="2023-08-18T15:58:35 EDT" name="verifyLoginCredentials" data-provider="Credentials" finished-at="2023-08-18T15:58:40 EDT" duration-ms="5005" status="PASS">
          <params>
            <param index="0">
              <value>
                <![CDATA[Empty]]>
              </value>
            </param>
            <param index="1">
              <value>
                <![CDATA[]]>
              </value>
            </param>
            <param index="2">
              <value>
                <![CDATA[]]>
              </value>
            </param>
          </params>
          <reporter-output>
          </reporter-output>
        </test-method> <!-- verifyLoginCredentials -->
        <test-method is-config="true" signature="quit()[pri:0, instance:TestLayer.LoginTest@26275bef]" started-at="2023-08-18T15:58:40 EDT" name="quit" finished-at="2023-08-18T15:58:40 EDT" duration-ms="116" status="PASS">
          <reporter-output>
          </reporter-output>
        </test-method> <!-- quit -->
        <test-method is-config="true" signature="initsetup(java.lang.String)[pri:0, instance:TestLayer.LoginTest@26275bef]" started-at="2023-08-18T15:58:40 EDT" name="initsetup" finished-at="2023-08-18T15:58:47 EDT" duration-ms="7117" status="PASS">
          <params>
            <param index="0">
              <value>
                <![CDATA[chrome]]>
              </value>
            </param>
          </params>
          <reporter-output>
          </reporter-output>
        </test-method> <!-- initsetup -->
        <test-method signature="verifyLoginCredentials(java.lang.String,java.lang.String,java.lang.String)[pri:1, instance:TestLayer.LoginTest@26275bef]" started-at="2023-08-18T15:58:47 EDT" name="verifyLoginCredentials" data-provider="Credentials" finished-at="2023-08-18T15:58:54 EDT" duration-ms="6227" status="PASS">
          <params>
            <param index="0">
              <value>
                <![CDATA[Case_Sensitivity]]>
              </value>
            </param>
            <param index="1">
              <value>
                <![CDATA[amitMAHIDA49@gmail.com]]>
              </value>
            </param>
            <param index="2">
              <value>
                <![CDATA[Amit@4567]]>
              </value>
            </param>
          </params>
          <reporter-output>
          </reporter-output>
        </test-method> <!-- verifyLoginCredentials -->
        <test-method is-config="true" signature="quit()[pri:0, instance:TestLayer.LoginTest@26275bef]" started-at="2023-08-18T15:58:54 EDT" name="quit" finished-at="2023-08-18T15:58:54 EDT" duration-ms="220" status="PASS">
          <reporter-output>
          </reporter-output>
        </test-method> <!-- quit -->
        <test-method is-config="true" signature="initsetup(java.lang.String)[pri:0, instance:TestLayer.LoginTest@26275bef]" started-at="2023-08-18T15:58:54 EDT" name="initsetup" finished-at="2023-08-18T15:58:59 EDT" duration-ms="5414" status="PASS">
          <params>
            <param index="0">
              <value>
                <![CDATA[chrome]]>
              </value>
            </param>
          </params>
          <reporter-output>
          </reporter-output>
        </test-method> <!-- initsetup -->
        <test-method signature="verifyLoginCredentials(java.lang.String,java.lang.String,java.lang.String)[pri:1, instance:TestLayer.LoginTest@26275bef]" started-at="2023-08-18T15:58:59 EDT" name="verifyLoginCredentials" data-provider="Credentials" finished-at="2023-08-18T15:59:05 EDT" duration-ms="6084" status="FAIL">
          <params>
            <param index="0">
              <value>
                <![CDATA[Non_Domain]]>
              </value>
            </param>
            <param index="1">
              <value>
                <![CDATA[maulipandya145@123.com]]>
              </value>
            </param>
            <param index="2">
              <value>
                <![CDATA[Mauli@145]]>
              </value>
            </param>
          </params>
          <exception class="org.openqa.selenium.NoSuchElementException">
            <message>
              <![CDATA[no such element: Unable to locate element: {"method":"css selector","selector":"div[role='alert']"}
  (Session info: chrome=116.0.5845.97)
For documentation on this error, please visit: https://www.selenium.dev/documentation/webdriver/troubleshooting/errors#no-such-element-exception
Build info: version: '4.11.0', revision: '040bc5406b'
System info: os.name: 'Windows 11', os.arch: 'amd64', os.version: '10.0', java.version: '17.0.2'
Driver info: org.openqa.selenium.chrome.ChromeDriver
Command: [e754f0174721f86571e2ad3b492ce436, findElement {using=css selector, value=div[role='alert']}]
Capabilities {acceptInsecureCerts: false, browserName: chrome, browserVersion: 116.0.5845.97, chrome: {chromedriverVersion: 116.0.5845.96 (1a3918166880..., userDataDir: C:\Users\n\AppData\Local\Te...}, fedcm:accounts: true, goog:chromeOptions: {debuggerAddress: localhost:49953}, networkConnectionEnabled: false, pageLoadStrategy: normal, platformName: windows, proxy: Proxy(), se:cdp: ws://localhost:49953/devtoo..., se:cdpVersion: 116.0.5845.97, setWindowRect: true, strictFileInteractability: false, timeouts: {implicit: 0, pageLoad: 300000, script: 30000}, unhandledPromptBehavior: dismiss and notify, webauthn:extension:credBlob: true, webauthn:extension:largeBlob: true, webauthn:extension:minPinLength: true, webauthn:extension:prf: true, webauthn:virtualAuthenticators: true}
Session ID: e754f0174721f86571e2ad3b492ce436]]>
            </message>
            <full-stacktrace>
              <![CDATA[org.openqa.selenium.NoSuchElementException: no such element: Unable to locate element: {"method":"css selector","selector":"div[role='alert']"}
  (Session info: chrome=116.0.5845.97)
For documentation on this error, please visit: https://www.selenium.dev/documentation/webdriver/troubleshooting/errors#no-such-element-exception
Build info: version: '4.11.0', revision: '040bc5406b'
System info: os.name: 'Windows 11', os.arch: 'amd64', os.version: '10.0', java.version: '17.0.2'
Driver info: org.openqa.selenium.chrome.ChromeDriver
Command: [e754f0174721f86571e2ad3b492ce436, findElement {using=css selector, value=div[role='alert']}]
Capabilities {acceptInsecureCerts: false, browserName: chrome, browserVersion: 116.0.5845.97, chrome: {chromedriverVersion: 116.0.5845.96 (1a3918166880..., userDataDir: C:\Users\n\AppData\Local\Te...}, fedcm:accounts: true, goog:chromeOptions: {debuggerAddress: localhost:49953}, networkConnectionEnabled: false, pageLoadStrategy: normal, platformName: windows, proxy: Proxy(), se:cdp: ws://localhost:49953/devtoo..., se:cdpVersion: 116.0.5845.97, setWindowRect: true, strictFileInteractability: false, timeouts: {implicit: 0, pageLoad: 300000, script: 30000}, unhandledPromptBehavior: dismiss and notify, webauthn:extension:credBlob: true, webauthn:extension:largeBlob: true, webauthn:extension:minPinLength: true, webauthn:extension:prf: true, webauthn:virtualAuthenticators: true}
Session ID: e754f0174721f86571e2ad3b492ce436
at java.base/jdk.internal.reflect.NativeConstructorAccessorImpl.newInstance0(Native Method)
at java.base/jdk.internal.reflect.NativeConstructorAccessorImpl.newInstance(NativeConstructorAccessorImpl.java:77)
at java.base/jdk.internal.reflect.DelegatingConstructorAccessorImpl.newInstance(DelegatingConstructorAccessorImpl.java:45)
at java.base/java.lang.reflect.Constructor.newInstanceWithCaller(Constructor.java:499)
at java.base/java.lang.reflect.Constructor.newInstance(Constructor.java:480)
at org.openqa.selenium.remote.codec.w3c.W3CHttpResponseCodec.createException(W3CHttpResponseCodec.java:200)
at org.openqa.selenium.remote.codec.w3c.W3CHttpResponseCodec.decode(W3CHttpResponseCodec.java:133)
at org.openqa.selenium.remote.codec.w3c.W3CHttpResponseCodec.decode(W3CHttpResponseCodec.java:52)
at org.openqa.selenium.remote.HttpCommandExecutor.execute(HttpCommandExecutor.java:191)
at org.openqa.selenium.remote.service.DriverCommandExecutor.invokeExecute(DriverCommandExecutor.java:196)
at org.openqa.selenium.remote.service.DriverCommandExecutor.execute(DriverCommandExecutor.java:171)
at org.openqa.selenium.remote.RemoteWebDriver.execute(RemoteWebDriver.java:518)
at org.openqa.selenium.remote.ElementLocation$ElementFinder$2.findElement(ElementLocation.java:165)
at org.openqa.selenium.remote.ElementLocation.findElement(ElementLocation.java:59)
at org.openqa.selenium.remote.RemoteWebDriver.findElement(RemoteWebDriver.java:355)
at org.openqa.selenium.remote.RemoteWebDriver.findElement(RemoteWebDriver.java:349)
at TestLayer.LoginTest.verifyLoginCredentials(LoginTest.java:57)
at java.base/jdk.internal.reflect.NativeMethodAccessorImpl.invoke0(Native Method)
at java.base/jdk.internal.reflect.NativeMethodAccessorImpl.invoke(NativeMethodAccessorImpl.java:77)
at java.base/jdk.internal.reflect.DelegatingMethodAccessorImpl.invoke(DelegatingMethodAccessorImpl.java:43)
at java.base/java.lang.reflect.Method.invoke(Method.java:568)
at org.testng.internal.invokers.MethodInvocationHelper.invokeMethod(MethodInvocationHelper.java:139)
at org.testng.internal.invokers.TestInvoker.invokeMethod(TestInvoker.java:664)
at org.testng.internal.invokers.TestInvoker.invokeTestMethod(TestInvoker.java:227)
at org.testng.internal.invokers.MethodRunner.runInSequence(MethodRunner.java:50)
at org.testng.internal.invokers.TestInvoker$MethodInvocationAgent.invoke(TestInvoker.java:957)
at org.testng.internal.invokers.TestInvoker.invokeTestMethods(TestInvoker.java:200)
at org.testng.internal.invokers.TestMethodWorker.invokeTestMethods(TestMethodWorker.java:148)
at org.testng.internal.invokers.TestMethodWorker.run(TestMethodWorker.java:128)
at java.base/java.util.ArrayList.forEach(ArrayList.java:1511)
at org.testng.TestRunner.privateRun(TestRunner.java:848)
at org.testng.TestRunner.run(TestRunner.java:621)
at org.testng.SuiteRunner.runTest(SuiteRunner.java:443)
at org.testng.SuiteRunner.runSequentially(SuiteRunner.java:437)
at org.testng.SuiteRunner.privateRun(SuiteRunner.java:397)
at org.testng.SuiteRunner.run(SuiteRunner.java:336)
at org.testng.SuiteRunnerWorker.runSuite(SuiteRunnerWorker.java:52)
at org.testng.SuiteRunnerWorker.run(SuiteRunnerWorker.java:95)
at org.testng.TestNG.runSuitesSequentially(TestNG.java:1280)
at org.testng.TestNG.runSuitesLocally(TestNG.java:1200)
at org.testng.TestNG.runSuites(TestNG.java:1114)
at org.testng.TestNG.run(TestNG.java:1082)
at org.testng.remote.AbstractRemoteTestNG.run(AbstractRemoteTestNG.java:115)
at org.testng.remote.RemoteTestNG.initAndRun(RemoteTestNG.java:251)
at org.testng.remote.RemoteTestNG.main(RemoteTestNG.java:77)
]]>
            </full-stacktrace>
          </exception> <!-- org.openqa.selenium.NoSuchElementException -->
          <reporter-output>
          </reporter-output>
        </test-method> <!-- verifyLoginCredentials -->
        <test-method is-config="true" signature="quit()[pri:0, instance:TestLayer.LoginTest@26275bef]" started-at="2023-08-18T15:59:05 EDT" name="quit" finished-at="2023-08-18T15:59:05 EDT" duration-ms="119" status="PASS">
          <reporter-output>
          </reporter-output>
        </test-method> <!-- quit -->
        <test-method is-config="true" signature="initsetup(java.lang.String)[pri:0, instance:TestLayer.LoginTest@26275bef]" started-at="2023-08-18T15:59:05 EDT" name="initsetup" finished-at="2023-08-18T15:59:11 EDT" duration-ms="5239" status="PASS">
          <params>
            <param index="0">
              <value>
                <![CDATA[chrome]]>
              </value>
            </param>
          </params>
          <reporter-output>
          </reporter-output>
        </test-method> <!-- initsetup -->
        <test-method signature="verifyForgot_Psw()[pri:2, instance:TestLayer.LoginTest@26275bef]" started-at="2023-08-18T15:59:11 EDT" name="verifyForgot_Psw" finished-at="2023-08-18T15:59:12 EDT" duration-ms="1353" status="PASS">
          <reporter-output>
          </reporter-output>
        </test-method> <!-- verifyForgot_Psw -->
        <test-method is-config="true" signature="quit()[pri:0, instance:TestLayer.LoginTest@26275bef]" started-at="2023-08-18T15:59:12 EDT" name="quit" finished-at="2023-08-18T15:59:12 EDT" duration-ms="149" status="PASS">
          <reporter-output>
          </reporter-output>
        </test-method> <!-- quit -->
      </class> <!-- TestLayer.LoginTest -->
    </test> <!-- ChromeTest -->
    <test started-at="2023-08-18T15:59:12 EDT" name="FirefoxTest" finished-at="2023-08-18T16:00:42 EDT" duration-ms="90188">
      <class name="TestLayer.LoginTest">
        <test-method is-config="true" signature="initsetup(java.lang.String)[pri:0, instance:TestLayer.LoginTest@3c73951]" started-at="2023-08-18T15:59:12 EDT" name="initsetup" finished-at="2023-08-18T15:59:20 EDT" duration-ms="7555" status="PASS">
          <params>
            <param index="0">
              <value>
                <![CDATA[firefox]]>
              </value>
            </param>
          </params>
          <reporter-output>
          </reporter-output>
        </test-method> <!-- initsetup -->
        <test-method signature="verifyLoginCredentials(java.lang.String,java.lang.String,java.lang.String)[pri:1, instance:TestLayer.LoginTest@3c73951]" started-at="2023-08-18T15:59:20 EDT" name="verifyLoginCredentials" data-provider="Credentials" finished-at="2023-08-18T15:59:26 EDT" duration-ms="5899" status="PASS">
          <params>
            <param index="0">
              <value>
                <![CDATA[Valid]]>
              </value>
            </param>
            <param index="1">
              <value>
                <![CDATA[Bhumishamahida96@gmail.com]]>
              </value>
            </param>
            <param index="2">
              <value>
                <![CDATA[Bhumisha@1234]]>
              </value>
            </param>
          </params>
          <reporter-output>
          </reporter-output>
        </test-method> <!-- verifyLoginCredentials -->
        <test-method is-config="true" signature="quit()[pri:0, instance:TestLayer.LoginTest@3c73951]" started-at="2023-08-18T15:59:26 EDT" name="quit" finished-at="2023-08-18T15:59:26 EDT" duration-ms="736" status="PASS">
          <reporter-output>
          </reporter-output>
        </test-method> <!-- quit -->
        <test-method is-config="true" signature="initsetup(java.lang.String)[pri:0, instance:TestLayer.LoginTest@3c73951]" started-at="2023-08-18T15:59:26 EDT" name="initsetup" finished-at="2023-08-18T15:59:33 EDT" duration-ms="6684" status="PASS">
          <params>
            <param index="0">
              <value>
                <![CDATA[firefox]]>
              </value>
            </param>
          </params>
          <reporter-output>
          </reporter-output>
        </test-method> <!-- initsetup -->
        <test-method signature="verifyLoginCredentials(java.lang.String,java.lang.String,java.lang.String)[pri:1, instance:TestLayer.LoginTest@3c73951]" started-at="2023-08-18T15:59:33 EDT" name="verifyLoginCredentials" data-provider="Credentials" finished-at="2023-08-18T15:59:39 EDT" duration-ms="5976" status="PASS">
          <params>
            <param index="0">
              <value>
                <![CDATA[Invalid_Email]]>
              </value>
            </param>
            <param index="1">
              <value>
                <![CDATA[Bhumisha@gmail.com]]>
              </value>
            </param>
            <param index="2">
              <value>
                <![CDATA[Bhumisha@1234]]>
              </value>
            </param>
          </params>
          <reporter-output>
          </reporter-output>
        </test-method> <!-- verifyLoginCredentials -->
        <test-method is-config="true" signature="quit()[pri:0, instance:TestLayer.LoginTest@3c73951]" started-at="2023-08-18T15:59:39 EDT" name="quit" finished-at="2023-08-18T15:59:40 EDT" duration-ms="809" status="PASS">
          <reporter-output>
          </reporter-output>
        </test-method> <!-- quit -->
        <test-method is-config="true" signature="initsetup(java.lang.String)[pri:0, instance:TestLayer.LoginTest@3c73951]" started-at="2023-08-18T15:59:40 EDT" name="initsetup" finished-at="2023-08-18T15:59:46 EDT" duration-ms="6583" status="PASS">
          <params>
            <param index="0">
              <value>
                <![CDATA[firefox]]>
              </value>
            </param>
          </params>
          <reporter-output>
          </reporter-output>
        </test-method> <!-- initsetup -->
        <test-method signature="verifyLoginCredentials(java.lang.String,java.lang.String,java.lang.String)[pri:1, instance:TestLayer.LoginTest@3c73951]" started-at="2023-08-18T15:59:46 EDT" name="verifyLoginCredentials" data-provider="Credentials" finished-at="2023-08-18T15:59:52 EDT" duration-ms="5969" status="PASS">
          <params>
            <param index="0">
              <value>
                <![CDATA[InValid_PSW]]>
              </value>
            </param>
            <param index="1">
              <value>
                <![CDATA[Bhumishamahida96@gmail.com]]>
              </value>
            </param>
            <param index="2">
              <value>
                <![CDATA[1234]]>
              </value>
            </param>
          </params>
          <reporter-output>
          </reporter-output>
        </test-method> <!-- verifyLoginCredentials -->
        <test-method is-config="true" signature="quit()[pri:0, instance:TestLayer.LoginTest@3c73951]" started-at="2023-08-18T15:59:52 EDT" name="quit" finished-at="2023-08-18T15:59:53 EDT" duration-ms="740" status="PASS">
          <reporter-output>
          </reporter-output>
        </test-method> <!-- quit -->
        <test-method is-config="true" signature="initsetup(java.lang.String)[pri:0, instance:TestLayer.LoginTest@3c73951]" started-at="2023-08-18T15:59:53 EDT" name="initsetup" finished-at="2023-08-18T16:00:00 EDT" duration-ms="7095" status="PASS">
          <params>
            <param index="0">
              <value>
                <![CDATA[firefox]]>
              </value>
            </param>
          </params>
          <reporter-output>
          </reporter-output>
        </test-method> <!-- initsetup -->
        <test-method signature="verifyLoginCredentials(java.lang.String,java.lang.String,java.lang.String)[pri:1, instance:TestLayer.LoginTest@3c73951]" started-at="2023-08-18T16:00:00 EDT" name="verifyLoginCredentials" data-provider="Credentials" finished-at="2023-08-18T16:00:05 EDT" duration-ms="4975" status="PASS">
          <params>
            <param index="0">
              <value>
                <![CDATA[Empty]]>
              </value>
            </param>
            <param index="1">
              <value>
                <![CDATA[]]>
              </value>
            </param>
            <param index="2">
              <value>
                <![CDATA[]]>
              </value>
            </param>
          </params>
          <reporter-output>
          </reporter-output>
        </test-method> <!-- verifyLoginCredentials -->
        <test-method is-config="true" signature="quit()[pri:0, instance:TestLayer.LoginTest@3c73951]" started-at="2023-08-18T16:00:05 EDT" name="quit" finished-at="2023-08-18T16:00:06 EDT" duration-ms="754" status="PASS">
          <reporter-output>
          </reporter-output>
        </test-method> <!-- quit -->
        <test-method is-config="true" signature="initsetup(java.lang.String)[pri:0, instance:TestLayer.LoginTest@3c73951]" started-at="2023-08-18T16:00:06 EDT" name="initsetup" finished-at="2023-08-18T16:00:13 EDT" duration-ms="7137" status="PASS">
          <params>
            <param index="0">
              <value>
                <![CDATA[firefox]]>
              </value>
            </param>
          </params>
          <reporter-output>
          </reporter-output>
        </test-method> <!-- initsetup -->
        <test-method signature="verifyLoginCredentials(java.lang.String,java.lang.String,java.lang.String)[pri:1, instance:TestLayer.LoginTest@3c73951]" started-at="2023-08-18T16:00:13 EDT" name="verifyLoginCredentials" data-provider="Credentials" finished-at="2023-08-18T16:00:19 EDT" duration-ms="5990" status="PASS">
          <params>
            <param index="0">
              <value>
                <![CDATA[Case_Sensitivity]]>
              </value>
            </param>
            <param index="1">
              <value>
                <![CDATA[amitMAHIDA49@gmail.com]]>
              </value>
            </param>
            <param index="2">
              <value>
                <![CDATA[Amit@4567]]>
              </value>
            </param>
          </params>
          <reporter-output>
          </reporter-output>
        </test-method> <!-- verifyLoginCredentials -->
        <test-method is-config="true" signature="quit()[pri:0, instance:TestLayer.LoginTest@3c73951]" started-at="2023-08-18T16:00:19 EDT" name="quit" finished-at="2023-08-18T16:00:20 EDT" duration-ms="742" status="PASS">
          <reporter-output>
          </reporter-output>
        </test-method> <!-- quit -->
        <test-method is-config="true" signature="initsetup(java.lang.String)[pri:0, instance:TestLayer.LoginTest@3c73951]" started-at="2023-08-18T16:00:20 EDT" name="initsetup" finished-at="2023-08-18T16:00:27 EDT" duration-ms="6727" status="PASS">
          <params>
            <param index="0">
              <value>
                <![CDATA[firefox]]>
              </value>
            </param>
          </params>
          <reporter-output>
          </reporter-output>
        </test-method> <!-- initsetup -->
        <test-method signature="verifyLoginCredentials(java.lang.String,java.lang.String,java.lang.String)[pri:1, instance:TestLayer.LoginTest@3c73951]" started-at="2023-08-18T16:00:27 EDT" name="verifyLoginCredentials" data-provider="Credentials" finished-at="2023-08-18T16:00:32 EDT" duration-ms="5874" status="FAIL">
          <params>
            <param index="0">
              <value>
                <![CDATA[Non_Domain]]>
              </value>
            </param>
            <param index="1">
              <value>
                <![CDATA[maulipandya145@123.com]]>
              </value>
            </param>
            <param index="2">
              <value>
                <![CDATA[Mauli@145]]>
              </value>
            </param>
          </params>
          <exception class="org.openqa.selenium.NoSuchElementException">
            <message>
              <![CDATA[Unable to locate element: div[role='alert']
For documentation on this error, please visit: https://www.selenium.dev/documentation/webdriver/troubleshooting/errors#no-such-element-exception
Build info: version: '4.11.0', revision: '040bc5406b'
System info: os.name: 'Windows 11', os.arch: 'amd64', os.version: '10.0', java.version: '17.0.2'
Driver info: org.openqa.selenium.firefox.FirefoxDriver
Command: [361deb4f-1c54-42a9-9543-18682e163191, findElement {using=css selector, value=div[role='alert']}]
Capabilities {acceptInsecureCerts: true, browserName: firefox, browserVersion: 116.0.3, moz:accessibilityChecks: false, moz:buildID: 20230815173142, moz:debuggerAddress: 127.0.0.1:35959, moz:geckodriverVersion: 0.33.0, moz:headless: false, moz:platformVersion: 10.0, moz:processID: 17776, moz:profile: C:\Users\n\AppData\Local\Te..., moz:shutdownTimeout: 60000, moz:webdriverClick: true, moz:windowless: false, pageLoadStrategy: normal, platformName: windows, proxy: Proxy(), se:cdp: ws://127.0.0.1:35959/devtoo..., se:cdpVersion: 85.0, setWindowRect: true, strictFileInteractability: false, timeouts: {implicit: 0, pageLoad: 300000, script: 30000}, unhandledPromptBehavior: dismiss and notify}
Session ID: 361deb4f-1c54-42a9-9543-18682e163191]]>
            </message>
            <full-stacktrace>
              <![CDATA[org.openqa.selenium.NoSuchElementException: Unable to locate element: div[role='alert']
For documentation on this error, please visit: https://www.selenium.dev/documentation/webdriver/troubleshooting/errors#no-such-element-exception
Build info: version: '4.11.0', revision: '040bc5406b'
System info: os.name: 'Windows 11', os.arch: 'amd64', os.version: '10.0', java.version: '17.0.2'
Driver info: org.openqa.selenium.firefox.FirefoxDriver
Command: [361deb4f-1c54-42a9-9543-18682e163191, findElement {using=css selector, value=div[role='alert']}]
Capabilities {acceptInsecureCerts: true, browserName: firefox, browserVersion: 116.0.3, moz:accessibilityChecks: false, moz:buildID: 20230815173142, moz:debuggerAddress: 127.0.0.1:35959, moz:geckodriverVersion: 0.33.0, moz:headless: false, moz:platformVersion: 10.0, moz:processID: 17776, moz:profile: C:\Users\n\AppData\Local\Te..., moz:shutdownTimeout: 60000, moz:webdriverClick: true, moz:windowless: false, pageLoadStrategy: normal, platformName: windows, proxy: Proxy(), se:cdp: ws://127.0.0.1:35959/devtoo..., se:cdpVersion: 85.0, setWindowRect: true, strictFileInteractability: false, timeouts: {implicit: 0, pageLoad: 300000, script: 30000}, unhandledPromptBehavior: dismiss and notify}
Session ID: 361deb4f-1c54-42a9-9543-18682e163191
at java.base/jdk.internal.reflect.NativeConstructorAccessorImpl.newInstance0(Native Method)
at java.base/jdk.internal.reflect.NativeConstructorAccessorImpl.newInstance(NativeConstructorAccessorImpl.java:77)
at java.base/jdk.internal.reflect.DelegatingConstructorAccessorImpl.newInstance(DelegatingConstructorAccessorImpl.java:45)
at java.base/java.lang.reflect.Constructor.newInstanceWithCaller(Constructor.java:499)
at java.base/java.lang.reflect.Constructor.newInstance(Constructor.java:480)
at org.openqa.selenium.remote.codec.w3c.W3CHttpResponseCodec.createException(W3CHttpResponseCodec.java:200)
at org.openqa.selenium.remote.codec.w3c.W3CHttpResponseCodec.decode(W3CHttpResponseCodec.java:133)
at org.openqa.selenium.remote.codec.w3c.W3CHttpResponseCodec.decode(W3CHttpResponseCodec.java:52)
at org.openqa.selenium.remote.HttpCommandExecutor.execute(HttpCommandExecutor.java:191)
at org.openqa.selenium.remote.service.DriverCommandExecutor.invokeExecute(DriverCommandExecutor.java:196)
at org.openqa.selenium.remote.service.DriverCommandExecutor.execute(DriverCommandExecutor.java:171)
at org.openqa.selenium.remote.RemoteWebDriver.execute(RemoteWebDriver.java:518)
at org.openqa.selenium.remote.ElementLocation$ElementFinder$2.findElement(ElementLocation.java:165)
at org.openqa.selenium.remote.ElementLocation.findElement(ElementLocation.java:59)
at org.openqa.selenium.remote.RemoteWebDriver.findElement(RemoteWebDriver.java:355)
at org.openqa.selenium.remote.RemoteWebDriver.findElement(RemoteWebDriver.java:349)
at TestLayer.LoginTest.verifyLoginCredentials(LoginTest.java:57)
at java.base/jdk.internal.reflect.NativeMethodAccessorImpl.invoke0(Native Method)
at java.base/jdk.internal.reflect.NativeMethodAccessorImpl.invoke(NativeMethodAccessorImpl.java:77)
at java.base/jdk.internal.reflect.DelegatingMethodAccessorImpl.invoke(DelegatingMethodAccessorImpl.java:43)
at java.base/java.lang.reflect.Method.invoke(Method.java:568)
at org.testng.internal.invokers.MethodInvocationHelper.invokeMethod(MethodInvocationHelper.java:139)
at org.testng.internal.invokers.TestInvoker.invokeMethod(TestInvoker.java:664)
at org.testng.internal.invokers.TestInvoker.invokeTestMethod(TestInvoker.java:227)
at org.testng.internal.invokers.MethodRunner.runInSequence(MethodRunner.java:50)
at org.testng.internal.invokers.TestInvoker$MethodInvocationAgent.invoke(TestInvoker.java:957)
at org.testng.internal.invokers.TestInvoker.invokeTestMethods(TestInvoker.java:200)
at org.testng.internal.invokers.TestMethodWorker.invokeTestMethods(TestMethodWorker.java:148)
at org.testng.internal.invokers.TestMethodWorker.run(TestMethodWorker.java:128)
at java.base/java.util.ArrayList.forEach(ArrayList.java:1511)
at org.testng.TestRunner.privateRun(TestRunner.java:848)
at org.testng.TestRunner.run(TestRunner.java:621)
at org.testng.SuiteRunner.runTest(SuiteRunner.java:443)
at org.testng.SuiteRunner.runSequentially(SuiteRunner.java:437)
at org.testng.SuiteRunner.privateRun(SuiteRunner.java:397)
at org.testng.SuiteRunner.run(SuiteRunner.java:336)
at org.testng.SuiteRunnerWorker.runSuite(SuiteRunnerWorker.java:52)
at org.testng.SuiteRunnerWorker.run(SuiteRunnerWorker.java:95)
at org.testng.TestNG.runSuitesSequentially(TestNG.java:1280)
at org.testng.TestNG.runSuitesLocally(TestNG.java:1200)
at org.testng.TestNG.runSuites(TestNG.java:1114)
at org.testng.TestNG.run(TestNG.java:1082)
at org.testng.remote.AbstractRemoteTestNG.run(AbstractRemoteTestNG.java:115)
at org.testng.remote.RemoteTestNG.initAndRun(RemoteTestNG.java:251)
at org.testng.remote.RemoteTestNG.main(RemoteTestNG.java:77)
]]>
            </full-stacktrace>
          </exception> <!-- org.openqa.selenium.NoSuchElementException -->
          <reporter-output>
          </reporter-output>
        </test-method> <!-- verifyLoginCredentials -->
        <test-method is-config="true" signature="quit()[pri:0, instance:TestLayer.LoginTest@3c73951]" started-at="2023-08-18T16:00:32 EDT" name="quit" finished-at="2023-08-18T16:00:33 EDT" duration-ms="725" status="PASS">
          <reporter-output>
          </reporter-output>
        </test-method> <!-- quit -->
        <test-method is-config="true" signature="initsetup(java.lang.String)[pri:0, instance:TestLayer.LoginTest@3c73951]" started-at="2023-08-18T16:00:33 EDT" name="initsetup" finished-at="2023-08-18T16:00:40 EDT" duration-ms="7002" status="PASS">
          <params>
            <param index="0">
              <value>
                <![CDATA[firefox]]>
              </value>
            </param>
          </params>
          <reporter-output>
          </reporter-output>
        </test-method> <!-- initsetup -->
        <test-method signature="verifyForgot_Psw()[pri:2, instance:TestLayer.LoginTest@3c73951]" started-at="2023-08-18T16:00:40 EDT" name="verifyForgot_Psw" finished-at="2023-08-18T16:00:42 EDT" duration-ms="1383" status="PASS">
          <reporter-output>
          </reporter-output>
        </test-method> <!-- verifyForgot_Psw -->
        <test-method is-config="true" signature="quit()[pri:0, instance:TestLayer.LoginTest@3c73951]" started-at="2023-08-18T16:00:42 EDT" name="quit" finished-at="2023-08-18T16:00:42 EDT" duration-ms="822" status="PASS">
          <reporter-output>
          </reporter-output>
        </test-method> <!-- quit -->
      </class> <!-- TestLayer.LoginTest -->
    </test> <!-- FirefoxTest -->
    <test started-at="2023-08-18T16:00:42 EDT" name="EdgeTest" finished-at="2023-08-18T16:01:58 EDT" duration-ms="75285">
      <class name="TestLayer.LoginTest">
        <test-method is-config="true" signature="initsetup(java.lang.String)[pri:0, instance:TestLayer.LoginTest@6f46426d]" started-at="2023-08-18T16:00:42 EDT" name="initsetup" finished-at="2023-08-18T16:00:48 EDT" duration-ms="5267" status="PASS">
          <params>
            <param index="0">
              <value>
                <![CDATA[edge]]>
              </value>
            </param>
          </params>
          <reporter-output>
          </reporter-output>
        </test-method> <!-- initsetup -->
        <test-method signature="verifyLoginCredentials(java.lang.String,java.lang.String,java.lang.String)[pri:1, instance:TestLayer.LoginTest@6f46426d]" started-at="2023-08-18T16:00:48 EDT" name="verifyLoginCredentials" data-provider="Credentials" finished-at="2023-08-18T16:00:54 EDT" duration-ms="6246" status="PASS">
          <params>
            <param index="0">
              <value>
                <![CDATA[Valid]]>
              </value>
            </param>
            <param index="1">
              <value>
                <![CDATA[Bhumishamahida96@gmail.com]]>
              </value>
            </param>
            <param index="2">
              <value>
                <![CDATA[Bhumisha@1234]]>
              </value>
            </param>
          </params>
          <reporter-output>
          </reporter-output>
        </test-method> <!-- verifyLoginCredentials -->
        <test-method is-config="true" signature="quit()[pri:0, instance:TestLayer.LoginTest@6f46426d]" started-at="2023-08-18T16:00:54 EDT" name="quit" finished-at="2023-08-18T16:00:54 EDT" duration-ms="210" status="PASS">
          <reporter-output>
          </reporter-output>
        </test-method> <!-- quit -->
        <test-method is-config="true" signature="initsetup(java.lang.String)[pri:0, instance:TestLayer.LoginTest@6f46426d]" started-at="2023-08-18T16:00:54 EDT" name="initsetup" finished-at="2023-08-18T16:00:59 EDT" duration-ms="5032" status="PASS">
          <params>
            <param index="0">
              <value>
                <![CDATA[edge]]>
              </value>
            </param>
          </params>
          <reporter-output>
          </reporter-output>
        </test-method> <!-- initsetup -->
        <test-method signature="verifyLoginCredentials(java.lang.String,java.lang.String,java.lang.String)[pri:1, instance:TestLayer.LoginTest@6f46426d]" started-at="2023-08-18T16:00:59 EDT" name="verifyLoginCredentials" data-provider="Credentials" finished-at="2023-08-18T16:01:05 EDT" duration-ms="6135" status="PASS">
          <params>
            <param index="0">
              <value>
                <![CDATA[Invalid_Email]]>
              </value>
            </param>
            <param index="1">
              <value>
                <![CDATA[Bhumisha@gmail.com]]>
              </value>
            </param>
            <param index="2">
              <value>
                <![CDATA[Bhumisha@1234]]>
              </value>
            </param>
          </params>
          <reporter-output>
          </reporter-output>
        </test-method> <!-- verifyLoginCredentials -->
        <test-method is-config="true" signature="quit()[pri:0, instance:TestLayer.LoginTest@6f46426d]" started-at="2023-08-18T16:01:05 EDT" name="quit" finished-at="2023-08-18T16:01:05 EDT" duration-ms="214" status="PASS">
          <reporter-output>
          </reporter-output>
        </test-method> <!-- quit -->
        <test-method is-config="true" signature="initsetup(java.lang.String)[pri:0, instance:TestLayer.LoginTest@6f46426d]" started-at="2023-08-18T16:01:05 EDT" name="initsetup" finished-at="2023-08-18T16:01:11 EDT" duration-ms="5051" status="PASS">
          <params>
            <param index="0">
              <value>
                <![CDATA[edge]]>
              </value>
            </param>
          </params>
          <reporter-output>
          </reporter-output>
        </test-method> <!-- initsetup -->
        <test-method signature="verifyLoginCredentials(java.lang.String,java.lang.String,java.lang.String)[pri:1, instance:TestLayer.LoginTest@6f46426d]" started-at="2023-08-18T16:01:11 EDT" name="verifyLoginCredentials" data-provider="Credentials" finished-at="2023-08-18T16:01:17 EDT" duration-ms="6226" status="PASS">
          <params>
            <param index="0">
              <value>
                <![CDATA[InValid_PSW]]>
              </value>
            </param>
            <param index="1">
              <value>
                <![CDATA[Bhumishamahida96@gmail.com]]>
              </value>
            </param>
            <param index="2">
              <value>
                <![CDATA[1234]]>
              </value>
            </param>
          </params>
          <reporter-output>
          </reporter-output>
        </test-method> <!-- verifyLoginCredentials -->
        <test-method is-config="true" signature="quit()[pri:0, instance:TestLayer.LoginTest@6f46426d]" started-at="2023-08-18T16:01:17 EDT" name="quit" finished-at="2023-08-18T16:01:17 EDT" duration-ms="211" status="PASS">
          <reporter-output>
          </reporter-output>
        </test-method> <!-- quit -->
        <test-method is-config="true" signature="initsetup(java.lang.String)[pri:0, instance:TestLayer.LoginTest@6f46426d]" started-at="2023-08-18T16:01:17 EDT" name="initsetup" finished-at="2023-08-18T16:01:22 EDT" duration-ms="5026" status="PASS">
          <params>
            <param index="0">
              <value>
                <![CDATA[edge]]>
              </value>
            </param>
          </params>
          <reporter-output>
          </reporter-output>
        </test-method> <!-- initsetup -->
        <test-method signature="verifyLoginCredentials(java.lang.String,java.lang.String,java.lang.String)[pri:1, instance:TestLayer.LoginTest@6f46426d]" started-at="2023-08-18T16:01:22 EDT" name="verifyLoginCredentials" data-provider="Credentials" finished-at="2023-08-18T16:01:27 EDT" duration-ms="4912" status="PASS">
          <params>
            <param index="0">
              <value>
                <![CDATA[Empty]]>
              </value>
            </param>
            <param index="1">
              <value>
                <![CDATA[]]>
              </value>
            </param>
            <param index="2">
              <value>
                <![CDATA[]]>
              </value>
            </param>
          </params>
          <reporter-output>
          </reporter-output>
        </test-method> <!-- verifyLoginCredentials -->
        <test-method is-config="true" signature="quit()[pri:0, instance:TestLayer.LoginTest@6f46426d]" started-at="2023-08-18T16:01:27 EDT" name="quit" finished-at="2023-08-18T16:01:27 EDT" duration-ms="215" status="PASS">
          <reporter-output>
          </reporter-output>
        </test-method> <!-- quit -->
        <test-method is-config="true" signature="initsetup(java.lang.String)[pri:0, instance:TestLayer.LoginTest@6f46426d]" started-at="2023-08-18T16:01:27 EDT" name="initsetup" finished-at="2023-08-18T16:01:32 EDT" duration-ms="5226" status="PASS">
          <params>
            <param index="0">
              <value>
                <![CDATA[edge]]>
              </value>
            </param>
          </params>
          <reporter-output>
          </reporter-output>
        </test-method> <!-- initsetup -->
        <test-method signature="verifyLoginCredentials(java.lang.String,java.lang.String,java.lang.String)[pri:1, instance:TestLayer.LoginTest@6f46426d]" started-at="2023-08-18T16:01:32 EDT" name="verifyLoginCredentials" data-provider="Credentials" finished-at="2023-08-18T16:01:39 EDT" duration-ms="6314" status="PASS">
          <params>
            <param index="0">
              <value>
                <![CDATA[Case_Sensitivity]]>
              </value>
            </param>
            <param index="1">
              <value>
                <![CDATA[amitMAHIDA49@gmail.com]]>
              </value>
            </param>
            <param index="2">
              <value>
                <![CDATA[Amit@4567]]>
              </value>
            </param>
          </params>
          <reporter-output>
          </reporter-output>
        </test-method> <!-- verifyLoginCredentials -->
        <test-method is-config="true" signature="quit()[pri:0, instance:TestLayer.LoginTest@6f46426d]" started-at="2023-08-18T16:01:39 EDT" name="quit" finished-at="2023-08-18T16:01:39 EDT" duration-ms="208" status="PASS">
          <reporter-output>
          </reporter-output>
        </test-method> <!-- quit -->
        <test-method is-config="true" signature="initsetup(java.lang.String)[pri:0, instance:TestLayer.LoginTest@6f46426d]" started-at="2023-08-18T16:01:39 EDT" name="initsetup" finished-at="2023-08-18T16:01:44 EDT" duration-ms="5204" status="PASS">
          <params>
            <param index="0">
              <value>
                <![CDATA[edge]]>
              </value>
            </param>
          </params>
          <reporter-output>
          </reporter-output>
        </test-method> <!-- initsetup -->
        <test-method signature="verifyLoginCredentials(java.lang.String,java.lang.String,java.lang.String)[pri:1, instance:TestLayer.LoginTest@6f46426d]" started-at="2023-08-18T16:01:44 EDT" name="verifyLoginCredentials" data-provider="Credentials" finished-at="2023-08-18T16:01:50 EDT" duration-ms="6184" status="FAIL">
          <params>
            <param index="0">
              <value>
                <![CDATA[Non_Domain]]>
              </value>
            </param>
            <param index="1">
              <value>
                <![CDATA[maulipandya145@123.com]]>
              </value>
            </param>
            <param index="2">
              <value>
                <![CDATA[Mauli@145]]>
              </value>
            </param>
          </params>
          <exception class="org.openqa.selenium.NoSuchElementException">
            <message>
              <![CDATA[no such element: Unable to locate element: {"method":"css selector","selector":"div[role='alert']"}
  (Session info: MicrosoftEdge=115.0.1901.203)
For documentation on this error, please visit: https://www.selenium.dev/documentation/webdriver/troubleshooting/errors#no-such-element-exception
Build info: version: '4.11.0', revision: '040bc5406b'
System info: os.name: 'Windows 11', os.arch: 'amd64', os.version: '10.0', java.version: '17.0.2'
Driver info: org.openqa.selenium.edge.EdgeDriver
Command: [bca99ad9798061def309a5c5ee9258b6, findElement {using=css selector, value=div[role='alert']}]
Capabilities {acceptInsecureCerts: false, browserName: msedge, browserVersion: 115.0.1901.203, ms:edgeOptions: {debuggerAddress: localhost:50536}, msedge: {msedgedriverVersion: 115.0.1901.203 (a5a2b1779bc..., userDataDir: C:\Users\n\AppData\Local\Te...}, networkConnectionEnabled: false, pageLoadStrategy: normal, platformName: windows, proxy: Proxy(), se:cdp: ws://localhost:50536/devtoo..., se:cdpVersion: 115.0.1901.203, setWindowRect: true, strictFileInteractability: false, timeouts: {implicit: 0, pageLoad: 300000, script: 30000}, unhandledPromptBehavior: dismiss and notify, webauthn:extension:credBlob: true, webauthn:extension:largeBlob: true, webauthn:extension:minPinLength: true, webauthn:extension:prf: true, webauthn:virtualAuthenticators: true}
Session ID: bca99ad9798061def309a5c5ee9258b6]]>
            </message>
            <full-stacktrace>
              <![CDATA[org.openqa.selenium.NoSuchElementException: no such element: Unable to locate element: {"method":"css selector","selector":"div[role='alert']"}
  (Session info: MicrosoftEdge=115.0.1901.203)
For documentation on this error, please visit: https://www.selenium.dev/documentation/webdriver/troubleshooting/errors#no-such-element-exception
Build info: version: '4.11.0', revision: '040bc5406b'
System info: os.name: 'Windows 11', os.arch: 'amd64', os.version: '10.0', java.version: '17.0.2'
Driver info: org.openqa.selenium.edge.EdgeDriver
Command: [bca99ad9798061def309a5c5ee9258b6, findElement {using=css selector, value=div[role='alert']}]
Capabilities {acceptInsecureCerts: false, browserName: msedge, browserVersion: 115.0.1901.203, ms:edgeOptions: {debuggerAddress: localhost:50536}, msedge: {msedgedriverVersion: 115.0.1901.203 (a5a2b1779bc..., userDataDir: C:\Users\n\AppData\Local\Te...}, networkConnectionEnabled: false, pageLoadStrategy: normal, platformName: windows, proxy: Proxy(), se:cdp: ws://localhost:50536/devtoo..., se:cdpVersion: 115.0.1901.203, setWindowRect: true, strictFileInteractability: false, timeouts: {implicit: 0, pageLoad: 300000, script: 30000}, unhandledPromptBehavior: dismiss and notify, webauthn:extension:credBlob: true, webauthn:extension:largeBlob: true, webauthn:extension:minPinLength: true, webauthn:extension:prf: true, webauthn:virtualAuthenticators: true}
Session ID: bca99ad9798061def309a5c5ee9258b6
at java.base/jdk.internal.reflect.NativeConstructorAccessorImpl.newInstance0(Native Method)
at java.base/jdk.internal.reflect.NativeConstructorAccessorImpl.newInstance(NativeConstructorAccessorImpl.java:77)
at java.base/jdk.internal.reflect.DelegatingConstructorAccessorImpl.newInstance(DelegatingConstructorAccessorImpl.java:45)
at java.base/java.lang.reflect.Constructor.newInstanceWithCaller(Constructor.java:499)
at java.base/java.lang.reflect.Constructor.newInstance(Constructor.java:480)
at org.openqa.selenium.remote.codec.w3c.W3CHttpResponseCodec.createException(W3CHttpResponseCodec.java:200)
at org.openqa.selenium.remote.codec.w3c.W3CHttpResponseCodec.decode(W3CHttpResponseCodec.java:133)
at org.openqa.selenium.remote.codec.w3c.W3CHttpResponseCodec.decode(W3CHttpResponseCodec.java:52)
at org.openqa.selenium.remote.HttpCommandExecutor.execute(HttpCommandExecutor.java:191)
at org.openqa.selenium.remote.service.DriverCommandExecutor.invokeExecute(DriverCommandExecutor.java:196)
at org.openqa.selenium.remote.service.DriverCommandExecutor.execute(DriverCommandExecutor.java:171)
at org.openqa.selenium.remote.RemoteWebDriver.execute(RemoteWebDriver.java:518)
at org.openqa.selenium.remote.ElementLocation$ElementFinder$2.findElement(ElementLocation.java:165)
at org.openqa.selenium.remote.ElementLocation.findElement(ElementLocation.java:59)
at org.openqa.selenium.remote.RemoteWebDriver.findElement(RemoteWebDriver.java:355)
at org.openqa.selenium.remote.RemoteWebDriver.findElement(RemoteWebDriver.java:349)
at TestLayer.LoginTest.verifyLoginCredentials(LoginTest.java:57)
at jdk.internal.reflect.GeneratedMethodAccessor12.invoke(Unknown Source)
at java.base/jdk.internal.reflect.DelegatingMethodAccessorImpl.invoke(DelegatingMethodAccessorImpl.java:43)
at java.base/java.lang.reflect.Method.invoke(Method.java:568)
at org.testng.internal.invokers.MethodInvocationHelper.invokeMethod(MethodInvocationHelper.java:139)
at org.testng.internal.invokers.TestInvoker.invokeMethod(TestInvoker.java:664)
at org.testng.internal.invokers.TestInvoker.invokeTestMethod(TestInvoker.java:227)
at org.testng.internal.invokers.MethodRunner.runInSequence(MethodRunner.java:50)
at org.testng.internal.invokers.TestInvoker$MethodInvocationAgent.invoke(TestInvoker.java:957)
at org.testng.internal.invokers.TestInvoker.invokeTestMethods(TestInvoker.java:200)
at org.testng.internal.invokers.TestMethodWorker.invokeTestMethods(TestMethodWorker.java:148)
at org.testng.internal.invokers.TestMethodWorker.run(TestMethodWorker.java:128)
at java.base/java.util.ArrayList.forEach(ArrayList.java:1511)
at org.testng.TestRunner.privateRun(TestRunner.java:848)
at org.testng.TestRunner.run(TestRunner.java:621)
at org.testng.SuiteRunner.runTest(SuiteRunner.java:443)
at org.testng.SuiteRunner.runSequentially(SuiteRunner.java:437)
at org.testng.SuiteRunner.privateRun(SuiteRunner.java:397)
at org.testng.SuiteRunner.run(SuiteRunner.java:336)
at org.testng.SuiteRunnerWorker.runSuite(SuiteRunnerWorker.java:52)
at org.testng.SuiteRunnerWorker.run(SuiteRunnerWorker.java:95)
at org.testng.TestNG.runSuitesSequentially(TestNG.java:1280)
at org.testng.TestNG.runSuitesLocally(TestNG.java:1200)
at org.testng.TestNG.runSuites(TestNG.java:1114)
at org.testng.TestNG.run(TestNG.java:1082)
at org.testng.remote.AbstractRemoteTestNG.run(AbstractRemoteTestNG.java:115)
at org.testng.remote.RemoteTestNG.initAndRun(RemoteTestNG.java:251)
at org.testng.remote.RemoteTestNG.main(RemoteTestNG.java:77)
]]>
            </full-stacktrace>
          </exception> <!-- org.openqa.selenium.NoSuchElementException -->
          <reporter-output>
          </reporter-output>
        </test-method> <!-- verifyLoginCredentials -->
        <test-method is-config="true" signature="quit()[pri:0, instance:TestLayer.LoginTest@6f46426d]" started-at="2023-08-18T16:01:50 EDT" name="quit" finished-at="2023-08-18T16:01:50 EDT" duration-ms="219" status="PASS">
          <reporter-output>
          </reporter-output>
        </test-method> <!-- quit -->
        <test-method is-config="true" signature="initsetup(java.lang.String)[pri:0, instance:TestLayer.LoginTest@6f46426d]" started-at="2023-08-18T16:01:50 EDT" name="initsetup" finished-at="2023-08-18T16:01:56 EDT" duration-ms="5350" status="PASS">
          <params>
            <param index="0">
              <value>
                <![CDATA[edge]]>
              </value>
            </param>
          </params>
          <reporter-output>
          </reporter-output>
        </test-method> <!-- initsetup -->
        <test-method signature="verifyForgot_Psw()[pri:2, instance:TestLayer.LoginTest@6f46426d]" started-at="2023-08-18T16:01:56 EDT" name="verifyForgot_Psw" finished-at="2023-08-18T16:01:57 EDT" duration-ms="1570" status="PASS">
          <reporter-output>
          </reporter-output>
        </test-method> <!-- verifyForgot_Psw -->
        <test-method is-config="true" signature="quit()[pri:0, instance:TestLayer.LoginTest@6f46426d]" started-at="2023-08-18T16:01:57 EDT" name="quit" finished-at="2023-08-18T16:01:58 EDT" duration-ms="247" status="PASS">
          <reporter-output>
          </reporter-output>
        </test-method> <!-- quit -->
      </class> <!-- TestLayer.LoginTest -->
    </test> <!-- EdgeTest -->
  </suite> <!-- Test -->
</testng-results>
